Fri Sep 20 2019 23:15:30 GMT+0800 (GMT+08:00):localhost/login
Fri Sep 20 2019 23:18:21 GMT+0800 (GMT+08:00):localhost/login---POST
Fri Sep 20 2019 23:26:30 GMT+0800 (GMT+08:00):localhost/login---POST
Fri Sep 20 2019 23:27:08 GMT+0800 (GMT+08:00):localhost/login---GET
Fri Sep 20 2019 23:28:16 GMT+0800 (GMT+08:00):localhost/login---POST
Fri Sep 20 2019 23:31:44 GMT+0800 (GMT+08:00):localhost/login---POST
Sat Sep 21 2019 00:53:40 GMT+0800 (GMT+08:00):localhost/login---POST
Sat Sep 21 2019 00:53:43 GMT+0800 (GMT+08:00):localhost/login---POST
Sat Sep 21 2019 00:54:29 GMT+0800 (GMT+08:00):localhost/login---POST
Sat Sep 21 2019 01:13:52 GMT+0800 (GMT+08:00):localhost/login---POST
Sat Sep 21 2019 01:15:46 GMT+0800 (GMT+08:00):localhost/login---POST
Sat Sep 21 2019 01:37:23 GMT+0800 (GMT+08:00):localhost/login---POST
Sat Sep 21 2019 01:38:23 GMT+0800 (GMT+08:00):localhost/login---POST
Sat Sep 21 2019 01:38:39 GMT+0800 (GMT+08:00):localhost/login---POST
Sat Sep 21 2019 01:39:07 GMT+0800 (GMT+08:00):localhost/login---POST
Sat Sep 21 2019 01:39:28 GMT+0800 (GMT+08:00):localhost/login---POST
Sat Sep 21 2019 01:39:49 GMT+0800 (GMT+08:00):localhost/login---POST
Sat Sep 21 2019 01:41:25 GMT+0800 (GMT+08:00):localhost/login---POST
Sat Sep 21 2019 01:42:41 GMT+0800 (GMT+08:00):localhost/login---POST
Sat Sep 21 2019 01:43:32 GMT+0800 (GMT+08:00):localhost/login---POST
Sat Sep 21 2019 01:44:16 GMT+0800 (GMT+08:00):localhost/login---POST
Sat Sep 21 2019 01:45:12 GMT+0800 (GMT+08:00):localhost/login---POST
Sat Sep 21 2019 01:45:33 GMT+0800 (GMT+08:00):localhost/login---POST
Sat Sep 21 2019 01:45:40 GMT+0800 (GMT+08:00):localhost/login---POST
Sat Sep 21 2019 01:46:43 GMT+0800 (GMT+08:00):localhost/login---POST
Sat Sep 21 2019 01:47:27 GMT+0800 (GMT+08:00):localhost/login---POST
Sat Sep 21 2019 01:48:19 GMT+0800 (GMT+08:00):localhost/login---POST
Sat Sep 21 2019 08:55:06 GMT+0800 (GMT+08:00):localhost/login---POST
Sat Sep 21 2019 08:55:35 GMT+0800 (GMT+08:00):localhost/login---POST
Sat Sep 21 2019 08:57:50 GMT+0800 (GMT+08:00):localhost/login---POST
Sat Sep 21 2019 08:58:57 GMT+0800 (GMT+08:00):localhost/login---POST
Sat Sep 21 2019 09:00:54 GMT+0800 (GMT+08:00):localhost/login---POST
Sat Sep 21 2019 09:06:22 GMT+0800 (GMT+08:00):localhost/login---POST
Sat Sep 21 2019 09:06:27 GMT+0800 (GMT+08:00):localhost/login---POST
Sat Sep 21 2019 09:06:43 GMT+0800 (GMT+08:00):localhost/login---POST
Sat Sep 21 2019 09:07:39 GMT+0800 (GMT+08:00):localhost/login---POST
Sat Sep 21 2019 09:11:06 GMT+0800 (GMT+08:00):localhost/login---POST
Sat Sep 21 2019 09:14:27 GMT+0800 (GMT+08:00):localhost/login---POST
Sat Sep 21 2019 09:14:29 GMT+0800 (GMT+08:00):localhost/login---POST
Sat Sep 21 2019 09:57:12 GMT+0800 (GMT+08:00):localhost/login---POST
Sat Sep 21 2019 09:57:19 GMT+0800 (GMT+08:00):localhost/login---POST
Sat Sep 21 2019 10:02:07 GMT+0800 (GMT+08:00):localhost/login---OPTIONS
Sat Sep 21 2019 10:03:41 GMT+0800 (GMT+08:00):localhost/login---OPTIONS
Sat Sep 21 2019 10:04:14 GMT+0800 (GMT+08:00):localhost/login---OPTIONS
Sat Sep 21 2019 10:06:52 GMT+0800 (GMT+08:00):localhost/login---POST
Sat Sep 21 2019 10:07:12 GMT+0800 (GMT+08:00):localhost/login---OPTIONS
Sat Sep 21 2019 10:07:12 GMT+0800 (GMT+08:00):localhost/login---POST
Sat Sep 21 2019 10:10:25 GMT+0800 (GMT+08:00):localhost/login---OPTIONS
Sat Sep 21 2019 10:10:25 GMT+0800 (GMT+08:00):localhost/login---POST
Sat Sep 21 2019 10:10:48 GMT+0800 (GMT+08:00):localhost/login---OPTIONS
Sat Sep 21 2019 10:10:48 GMT+0800 (GMT+08:00):localhost/login---POST
Sat Sep 21 2019 10:16:51 GMT+0800 (GMT+08:00):localhost/login---POST
Sat Sep 21 2019 10:17:35 GMT+0800 (GMT+08:00):localhost/login---POST
Sat Sep 21 2019 10:17:40 GMT+0800 (GMT+08:00):localhost/login---POST
Sat Sep 21 2019 10:17:47 GMT+0800 (GMT+08:00):localhost/login---POST
Sat Sep 21 2019 10:17:55 GMT+0800 (GMT+08:00):localhost/login---POST
Sat Sep 21 2019 10:19:44 GMT+0800 (GMT+08:00):localhost/login---OPTIONS
Sat Sep 21 2019 10:19:44 GMT+0800 (GMT+08:00):localhost/login---POST
Sat Sep 21 2019 10:21:17 GMT+0800 (GMT+08:00):localhost/login---OPTIONS
Sat Sep 21 2019 10:21:17 GMT+0800 (GMT+08:00):localhost/login---POST
Sat Sep 21 2019 10:50:07 GMT+0800 (GMT+08:00):localhost/login---OPTIONS
Sat Sep 21 2019 10:50:07 GMT+0800 (GMT+08:00):localhost/login---POST
Sat Sep 21 2019 10:50:21 GMT+0800 (GMT+08:00):localhost/login---OPTIONS
Sat Sep 21 2019 10:50:21 GMT+0800 (GMT+08:00):localhost/login---POST
Sat Sep 21 2019 10:50:28 GMT+0800 (GMT+08:00):localhost/login---OPTIONS
Sat Sep 21 2019 10:50:28 GMT+0800 (GMT+08:00):localhost/login---POST
Sat Sep 21 2019 10:50:36 GMT+0800 (GMT+08:00):localhost/login---OPTIONS
Sat Sep 21 2019 10:50:36 GMT+0800 (GMT+08:00):localhost/login---POST
Sat Sep 21 2019 10:50:43 GMT+0800 (GMT+08:00):localhost/login---OPTIONS
Sat Sep 21 2019 10:50:43 GMT+0800 (GMT+08:00):localhost/login---POST
Sat Sep 21 2019 10:51:43 GMT+0800 (GMT+08:00):localhost/login---OPTIONS
Sat Sep 21 2019 10:51:43 GMT+0800 (GMT+08:00):localhost/login---POST
Sat Sep 21 2019 10:52:52 GMT+0800 (GMT+08:00):localhost/login---OPTIONS
Sat Sep 21 2019 10:52:52 GMT+0800 (GMT+08:00):localhost/login---POST
Sat Sep 21 2019 10:53:17 GMT+0800 (GMT+08:00):localhost/login---OPTIONS
Sat Sep 21 2019 10:53:17 GMT+0800 (GMT+08:00):localhost/login---POST
Sat Sep 21 2019 10:54:03 GMT+0800 (GMT+08:00):localhost/login---OPTIONS
Sat Sep 21 2019 10:54:03 GMT+0800 (GMT+08:00):localhost/login---POST
Sat Sep 21 2019 10:54:33 GMT+0800 (GMT+08:00):localhost/login---OPTIONS
Sat Sep 21 2019 10:54:33 GMT+0800 (GMT+08:00):localhost/login---POST
Sat Sep 21 2019 10:55:30 GMT+0800 (GMT+08:00):localhost/login---OPTIONS
Sat Sep 21 2019 10:55:30 GMT+0800 (GMT+08:00):localhost/login---POST
Sat Sep 21 2019 10:55:32 GMT+0800 (GMT+08:00):localhost/login---POST
Sat Sep 21 2019 10:55:35 GMT+0800 (GMT+08:00):localhost/login---POST
Sat Sep 21 2019 10:55:37 GMT+0800 (GMT+08:00):localhost/login---OPTIONS
Sat Sep 21 2019 10:55:37 GMT+0800 (GMT+08:00):localhost/login---POST
Sat Sep 21 2019 10:55:38 GMT+0800 (GMT+08:00):localhost/login---POST
Sat Sep 21 2019 10:56:16 GMT+0800 (GMT+08:00):localhost/login---OPTIONS
Sat Sep 21 2019 10:56:16 GMT+0800 (GMT+08:00):localhost/login---POST
Sat Sep 21 2019 10:56:26 GMT+0800 (GMT+08:00):localhost/login---OPTIONS
Sat Sep 21 2019 10:56:26 GMT+0800 (GMT+08:00):localhost/login---POST
Sat Sep 21 2019 10:56:44 GMT+0800 (GMT+08:00):localhost/login---OPTIONS
Sat Sep 21 2019 10:56:44 GMT+0800 (GMT+08:00):localhost/login---POST
Sat Sep 21 2019 10:59:08 GMT+0800 (GMT+08:00):localhost/login---OPTIONS
Sat Sep 21 2019 10:59:08 GMT+0800 (GMT+08:00):localhost/login---POST
Sat Sep 21 2019 11:24:19 GMT+0800 (GMT+08:00):localhost/login---OPTIONS
Sat Sep 21 2019 11:24:19 GMT+0800 (GMT+08:00):localhost/login---POST
